# JRE version: Java(TM) SE Runtime Environment (8.0_121-b13) (build 1.8.0_121-b13)
# Java VM: Java HotSpot(TM) 64-Bit Server VM (25.121-b13 mixed mode windows-amd64 compressed oops)
Heap:
 PSYoungGen      total 234496K, used 108412K [0x0000000776200000, 0x0000000788880000, 0x00000007c0000000)
  eden space 227840K, 47% used [0x0000000776200000,0x000000077cbdf108,0x0000000784080000)
  from space 6656K, 0% used [0x0000000784080000,0x0000000784080000,0x0000000784700000)
  to   space 10240K, 0% used [0x0000000787e80000,0x0000000787e80000,0x0000000788880000)
 ParOldGen       total 139776K, used 17161K [0x00000006e2600000, 0x00000006eae80000, 0x0000000776200000)
  object space 139776K, 12% used [0x00000006e2600000,0x00000006e36c2408,0x00000006eae80000)
 Metaspace       used 37221K, capacity 38694K, committed 38912K, reserved 1083392K
  class space    used 4810K, capacity 5115K, committed 5120K, reserved 1048576K
GC Heap History (10 events):
Event: 1.018 GC heap before
{Heap before GC invocations=5 (full 0):
 PSYoungGen      total 123904K, used 23866K [0x0000000776200000, 0x000000077e400000, 0x00000007c0000000)
  eden space 114688K, 15% used [0x0000000776200000,0x00000007773e6b38,0x000000077d200000)
  from space 9216K, 60% used [0x000000077db00000,0x000000077e068050,0x000000077e400000)
  to   space 9216K, 0% used [0x000000077d200000,0x000000077d200000,0x000000077db00000)
 ParOldGen       total 151552K, used 40K [0x00000006e2600000, 0x00000006eba00000, 0x0000000776200000)
  object space 151552K, 0% used [0x00000006e2600000,0x00000006e260a000,0x00000006eba00000)
 Metaspace       used 20573K, capacity 21158K, committed 21296K, reserved 1067008K
  class space    used 2692K, capacity 2851K, committed 2944K, reserved 1048576K
Event: 1.024 GC heap after
Heap after GC invocations=5 (full 0):
 PSYoungGen      total 123904K, used 5728K [0x0000000776200000, 0x0000000785000000, 0x00000007c0000000)
  eden space 114688K, 0% used [0x0000000776200000,0x0000000776200000,0x000000077d200000)
  from space 9216K, 62% used [0x000000077d200000,0x000000077d798080,0x000000077db00000)
  to   space 7168K, 0% used [0x0000000784900000,0x0000000784900000,0x0000000785000000)
 ParOldGen       total 151552K, used 48K [0x00000006e2600000, 0x00000006eba00000, 0x0000000776200000)
  object space 151552K, 0% used [0x00000006e2600000,0x00000006e260c000,0x00000006eba00000)
 Metaspace       used 20573K, capacity 21158K, committed 21296K, reserved 1067008K
  class space    used 2692K, capacity 2851K, committed 2944K, reserved 1048576K
}
Event: 1.024 GC heap before
{Heap before GC invocations=6 (full 1):
 PSYoungGen      total 123904K, used 5728K [0x0000000776200000, 0x0000000785000000, 0x00000007c0000000)
  eden space 114688K, 0% used [0x0000000776200000,0x0000000776200000,0x000000077d200000)
  from space 9216K, 62% used [0x000000077d200000,0x000000077d798080,0x000000077db00000)
  to   space 7168K, 0% used [0x0000000784900000,0x0000000784900000,0x0000000785000000)
 ParOldGen       total 151552K, used 48K [0x00000006e2600000, 0x00000006eba00000, 0x0000000776200000)
  object space 151552K, 0% used [0x00000006e2600000,0x00000006e260c000,0x00000006eba00000)
 Metaspace       used 20573K, capacity 21158K, committed 21296K, reserved 1067008K
  class space    used 2692K, capacity 2851K, committed 2944K, reserved 1048576K
Event: 1.049 GC heap after
Heap after GC invocations=6 (full 1):
 PSYoungGen      total 123904K, used 0K [0x0000000776200000, 0x0000000785000000, 0x00000007c0000000)
  eden space 114688K, 0% used [0x0000000776200000,0x0000000776200000,0x000000077d200000)
  from space 9216K, 0% used [0x000000077d200000,0x000000077d200000,0x000000077db00000)
  to   space 7168K, 0% used [0x0000000784900000,0x0000000784900000,0x0000000785000000)
 ParOldGen       total 83456K, used 5421K [0x00000006e2600000, 0x00000006e7780000, 0x0000000776200000)
  object space 83456K, 6% used [0x00000006e2600000,0x00000006e2b4b730,0x00000006e7780000)
 Metaspace       used 20573K, capacity 21158K, committed 21296K, reserved 1067008K
  class space    used 2692K, capacity 2851K, committed 2944K, reserved 1048576K
}
Event: 1.601 GC heap before
{Heap before GC invocations=7 (full 1):
 PSYoungGen      total 123904K, used 114688K [0x0000000776200000, 0x0000000785000000, 0x00000007c0000000)
  eden space 114688K, 100% used [0x0000000776200000,0x000000077d200000,0x000000077d200000)
  from space 9216K, 0% used [0x000000077d200000,0x000000077d200000,0x000000077db00000)
  to   space 7168K, 0% used [0x0000000784900000,0x0000000784900000,0x0000000785000000)
 ParOldGen       total 83456K, used 5421K [0x00000006e2600000, 0x00000006e7780000, 0x0000000776200000)
  object space 83456K, 6% used [0x00000006e2600000,0x00000006e2b4b730,0x00000006e7780000)
 Metaspace       used 26186K, capacity 27182K, committed 27264K, reserved 1073152K
  class space    used 3434K, capacity 3681K, committed 3712K, reserved 1048576K
Event: 1.605 GC heap after
Heap after GC invocations=7 (full 1):
 PSYoungGen      total 187392K, used 4432K [0x0000000776200000, 0x0000000784d80000, 0x00000007c0000000)
  eden space 182784K, 0% used [0x0000000776200000,0x0000000776200000,0x0000000781480000)
  from space 4608K, 96% used [0x0000000784900000,0x0000000784d54040,0x0000000784d80000)
  to   space 6656K, 0% used [0x0000000784080000,0x0000000784080000,0x0000000784700000)
 ParOldGen       total 83456K, used 5493K [0x00000006e2600000, 0x00000006e7780000, 0x0000000776200000)
  object space 83456K, 6% used [0x00000006e2600000,0x00000006e2b5d740,0x00000006e7780000)
 Metaspace       used 26186K, capacity 27182K, committed 27264K, reserved 1073152K
  class space    used 3434K, capacity 3681K, committed 3712K, reserved 1048576K
}
Event: 3.214 GC heap before
{Heap before GC invocations=8 (full 1):
 PSYoungGen      total 187392K, used 157149K [0x0000000776200000, 0x0000000784d80000, 0x00000007c0000000)
  eden space 182784K, 83% used [0x0000000776200000,0x000000077f723720,0x0000000781480000)
  from space 4608K, 96% used [0x0000000784900000,0x0000000784d54040,0x0000000784d80000)
  to   space 6656K, 0% used [0x0000000784080000,0x0000000784080000,0x0000000784700000)
 ParOldGen       total 83456K, used 5493K [0x00000006e2600000, 0x00000006e7780000, 0x0000000776200000)
  object space 83456K, 6% used [0x00000006e2600000,0x00000006e2b5d740,0x00000006e7780000)
 Metaspace       used 33929K, capacity 35306K, committed 35456K, reserved 1079296K
  class space    used 4388K, capacity 4657K, committed 4736K, reserved 1048576K
Event: 3.227 GC heap after
Heap after GC invocations=8 (full 1):
 PSYoungGen      total 234496K, used 6644K [0x0000000776200000, 0x0000000788880000, 0x00000007c0000000)
  eden space 227840K, 0% used [0x0000000776200000,0x0000000776200000,0x0000000784080000)
  from space 6656K, 99% used [0x0000000784080000,0x00000007846fd060,0x0000000784700000)
  to   space 10240K, 0% used [0x0000000787e80000,0x0000000787e80000,0x0000000788880000)
 ParOldGen       total 83456K, used 11148K [0x00000006e2600000, 0x00000006e7780000, 0x0000000776200000)
  object space 83456K, 13% used [0x00000006e2600000,0x00000006e30e31f0,0x00000006e7780000)
 Metaspace       used 33929K, capacity 35306K, committed 35456K, reserved 1079296K
  class space    used 4388K, capacity 4657K, committed 4736K, reserved 1048576K
}
Event: 3.227 GC heap before
{Heap before GC invocations=9 (full 2):
 PSYoungGen      total 234496K, used 6644K [0x0000000776200000, 0x0000000788880000, 0x00000007c0000000)
  eden space 227840K, 0% used [0x0000000776200000,0x0000000776200000,0x0000000784080000)
  from space 6656K, 99% used [0x0000000784080000,0x00000007846fd060,0x0000000784700000)
  to   space 10240K, 0% used [0x0000000787e80000,0x0000000787e80000,0x0000000788880000)
 ParOldGen       total 83456K, used 11148K [0x00000006e2600000, 0x00000006e7780000, 0x0000000776200000)
  object space 83456K, 13% used [0x00000006e2600000,0x00000006e30e31f0,0x00000006e7780000)
 Metaspace       used 33929K, capacity 35306K, committed 35456K, reserved 1079296K
  class space    used 4388K, capacity 4657K, committed 4736K, reserved 1048576K
Event: 3.317 GC heap after
Heap after GC invocations=9 (full 2):
 PSYoungGen      total 234496K, used 0K [0x0000000776200000, 0x0000000788880000, 0x00000007c0000000)
  eden space 227840K, 0% used [0x0000000776200000,0x0000000776200000,0x0000000784080000)
  from space 6656K, 0% used [0x0000000784080000,0x0000000784080000,0x0000000784700000)
  to   space 10240K, 0% used [0x0000000787e80000,0x0000000787e80000,0x0000000788880000)
 ParOldGen       total 139776K, used 17161K [0x00000006e2600000, 0x00000006eae80000, 0x0000000776200000)
  object space 139776K, 12% used [0x00000006e2600000,0x00000006e36c2408,0x00000006eae80000)
 Metaspace       used 33929K, capacity 35306K, committed 35456K, reserved 1079296K
  class space    used 4388K, capacity 4657K, committed 4736K, reserved 1048576K
}

